g:\code\software_enginner\software_engineer\结对编程vs\project1\debug\vc142.pdb
g:\code\software_enginner\software_engineer\结对编程vs\project1\debug\vc142.idb
g:\code\software_enginner\software_engineer\结对编程vs\project1\debug\sudoku.nativecodeanalysis.sarif
g:\code\software_enginner\software_engineer\结对编程vs\project1\debug\sudoku.nativecodeanalysis.xml
g:\code\software_enginner\software_engineer\结对编程vs\project1\debug\solution.nativecodeanalysis.sarif
g:\code\software_enginner\software_engineer\结对编程vs\project1\debug\solution.nativecodeanalysis.xml
g:\code\software_enginner\software_engineer\结对编程vs\project1\debug\getopt.nativecodeanalysis.sarif
g:\code\software_enginner\software_engineer\结对编程vs\project1\debug\getopt.nativecodeanalysis.xml
g:\code\software_enginner\software_engineer\结对编程vs\project1\debug\getopt.obj
g:\code\software_enginner\software_engineer\结对编程vs\project1\debug\solution.obj
g:\code\software_enginner\software_engineer\结对编程vs\project1\debug\sudoku.obj
g:\code\software_enginner\software_engineer\结对编程vs\project1\debug\project1.ilk
g:\code\software_enginner\software_engineer\结对编程vs\project1\debug\project1.exe
g:\code\software_enginner\software_engineer\结对编程vs\project1\debug\project1.pdb
g:\code\software_enginner\software_engineer\结对编程vs\project1\debug\vc.nativecodeanalysis.all.xml
g:\code\software_enginner\software_engineer\结对编程vs\project1\debug\project1.tlog\cl.command.1.tlog
g:\code\software_enginner\software_engineer\结对编程vs\project1\debug\project1.tlog\cl.read.1.tlog
g:\code\software_enginner\software_engineer\结对编程vs\project1\debug\project1.tlog\cl.write.1.tlog
g:\code\software_enginner\software_engineer\结对编程vs\project1\debug\project1.tlog\link.command.1.tlog
g:\code\software_enginner\software_engineer\结对编程vs\project1\debug\project1.tlog\link.read.1.tlog
g:\code\software_enginner\software_engineer\结对编程vs\project1\debug\project1.tlog\link.write.1.tlog
